Build started 11/14/2016 11:13:55 AM.
     1>Project "E:\CMIN 214 C++\RPGGame\RPGGame\RPGGame.vcxproj" on node 2 (Build target(s)).
     1>ClCompile:
         C:\Program Files (x86)\Microsoft Visual Studio 11.0\VC\bin\CL.exe /c /ZI /nologo /W3 /WX- /Od /Oy- /D _MBCS /Gm /EHsc /RTC1 /MDd /GS /fp:precise /Zc:wchar_t /Zc:forScope /Fo"Debug\\" /Fd"Debug\vc110.pdb" /Gd /TP /analyze- /errorReport:prompt KnightClass.cpp Source.cpp
         Source.cpp
         KnightClass.cpp
     1>e:\cmin 214 c++\rpggame\rpggame\knightclass.cpp(112): warning C4244: 'argument' : conversion from 'time_t' to 'unsigned int', possible loss of data
     1>e:\cmin 214 c++\rpggame\rpggame\knightclass.cpp(138): warning C4244: 'argument' : conversion from 'time_t' to 'unsigned int', possible loss of data
     1>e:\cmin 214 c++\rpggame\rpggame\knightclass.cpp(171): warning C4244: 'argument' : conversion from 'time_t' to 'unsigned int', possible loss of data
     1>e:\cmin 214 c++\rpggame\rpggame\knightclass.cpp(199): warning C4244: 'argument' : conversion from 'time_t' to 'unsigned int', possible loss of data
     1>e:\cmin 214 c++\rpggame\rpggame\knightclass.cpp(335): warning C4244: 'argument' : conversion from 'time_t' to 'unsigned int', possible loss of data
     1>e:\cmin 214 c++\rpggame\rpggame\knightclass.cpp(361): warning C4244: 'argument' : conversion from 'time_t' to 'unsigned int', possible loss of data
     1>e:\cmin 214 c++\rpggame\rpggame\knightclass.cpp(394): warning C4244: 'argument' : conversion from 'time_t' to 'unsigned int', possible loss of data
     1>e:\cmin 214 c++\rpggame\rpggame\knightclass.cpp(422): warning C4244: 'argument' : conversion from 'time_t' to 'unsigned int', possible loss of data
     1>e:\cmin 214 c++\rpggame\rpggame\knightclass.cpp(558): warning C4244: 'argument' : conversion from 'time_t' to 'unsigned int', possible loss of data
     1>e:\cmin 214 c++\rpggame\rpggame\knightclass.cpp(584): warning C4244: 'argument' : conversion from 'time_t' to 'unsigned int', possible loss of data
     1>e:\cmin 214 c++\rpggame\rpggame\knightclass.cpp(617): warning C4244: 'argument' : conversion from 'time_t' to 'unsigned int', possible loss of data
     1>e:\cmin 214 c++\rpggame\rpggame\knightclass.cpp(645): warning C4244: 'argument' : conversion from 'time_t' to 'unsigned int', possible loss of data
     1>e:\cmin 214 c++\rpggame\rpggame\knightclass.cpp(781): warning C4244: 'argument' : conversion from 'time_t' to 'unsigned int', possible loss of data
     1>e:\cmin 214 c++\rpggame\rpggame\knightclass.cpp(807): warning C4244: 'argument' : conversion from 'time_t' to 'unsigned int', possible loss of data
     1>e:\cmin 214 c++\rpggame\rpggame\knightclass.cpp(840): warning C4244: 'argument' : conversion from 'time_t' to 'unsigned int', possible loss of data
     1>e:\cmin 214 c++\rpggame\rpggame\knightclass.cpp(868): warning C4244: 'argument' : conversion from 'time_t' to 'unsigned int', possible loss of data
         Generating Code...
       Link:
         C:\Program Files (x86)\Microsoft Visual Studio 11.0\VC\bin\link.exe /ERRORREPORT:PROMPT /OUT:"E:\CMIN 214 C++\RPGGame\Debug\RPGGame.exe" /INCREMENTAL /NOLOGO kernel32.lib user32.lib gdi32.lib winspool.lib comdlg32.lib advapi32.lib shell32.lib ole32.lib oleaut32.lib uuid.lib odbc32.lib odbccp32.lib /MANIFEST /MANIFESTUAC:"level='asInvoker' uiAccess='false'" /manifest:embed /DEBUG /PDB:"E:\CMIN 214 C++\RPGGame\Debug\RPGGame.pdb" /TLBID:1 /DYNAMICBASE /NXCOMPAT /IMPLIB:"E:\CMIN 214 C++\RPGGame\Debug\RPGGame.lib" /MACHINE:X86 Debug\DragonClass.obj
         Debug\KnightClass.obj
         Debug\MageClass.obj
         Debug\Source.obj
         Debug\ThiefClass.obj
         RPGGame.vcxproj -> E:\CMIN 214 C++\RPGGame\Debug\RPGGame.exe
     1>Done Building Project "E:\CMIN 214 C++\RPGGame\RPGGame\RPGGame.vcxproj" (Build target(s)).

Build succeeded.

Time Elapsed 00:00:10.79
